<?xml version="1.0" encoding="UTF-8"?>
<testsuite name="TestParser" tests="5" skipped="0" failures="0" errors="0" timestamp="2023-04-06T10:10:10" hostname="LAPTOP-QUU5U7G9" time="0.025">
  <properties/>
  <testcase name="testBasicElse" classname="TestParser" time="0.011"/>
  <testcase name="testBasicProc" classname="TestParser" time="0.007"/>
  <testcase name="testBasicVal" classname="TestParser" time="0.003"/>
  <testcase name="testBasicVar" classname="TestParser" time="0.002"/>
  <testcase name="testBasicIf" classname="TestParser" time="0.001"/>
  <system-out><![CDATA[if v == 10 { return true; } else { return false;}
(Optional message) Matching Symbol IF
(Optional message) Matching Symbol LITERAL
(Optional message) Matching Symbol EQEQ
(Optional message) Matching Symbol NUM
(Optional message) Matching Symbol LBRACE
(Optional message) Matching Symbol RETURN
(Optional message) Matching Symbol TRUE
(Optional message) Matching Symbol SEMI
(Optional message) Matching Symbol RBRACE
(Optional message) Matching Symbol ELSE
(Optional message) Matching Symbol LBRACE
(Optional message) Matching Symbol RETURN
(Optional message) Matching Symbol FALSE
(Optional message) Matching Symbol SEMI
(Optional message) Matching Symbol RBRACE
proc square(v int) int {return 0+1;}
(Optional message) Matching Symbol PROC
(Optional message) Matching Symbol LITERAL
(Optional message) Matching Symbol LPAR
(Optional message) Matching Symbol LITERAL
(Optional message) Matching Symbol INT
(Optional message) Matching Symbol RPAR
(Optional message) Matching Symbol INT
(Optional message) Matching Symbol LBRACE
(Optional message) Matching Symbol RETURN
(Optional message) Matching Symbol NUM
(Optional message) Matching Symbol PLUS
(Optional message) Matching Symbol NUM
(Optional message) Matching Symbol SEMI
(Optional message) Matching Symbol RBRACE
val a int = 3;
(Optional message) Matching Symbol VAL
(Optional message) Matching Symbol LITERAL
(Optional message) Matching Symbol INT
(Optional message) Matching Symbol EQUALS
(Optional message) Matching Symbol NUM
(Optional message) Matching Symbol SEMI
var a int = 3;
(Optional message) Matching Symbol VAR
(Optional message) Matching Symbol LITERAL
(Optional message) Matching Symbol INT
(Optional message) Matching Symbol EQUALS
(Optional message) Matching Symbol NUM
(Optional message) Matching Symbol SEMI
if v == 10 { return true; }
(Optional message) Matching Symbol IF
(Optional message) Matching Symbol LITERAL
(Optional message) Matching Symbol EQEQ
(Optional message) Matching Symbol NUM
(Optional message) Matching Symbol LBRACE
(Optional message) Matching Symbol RETURN
(Optional message) Matching Symbol TRUE
(Optional message) Matching Symbol SEMI
(Optional message) Matching Symbol RBRACE
]]></system-out>
  <system-err><![CDATA[]]></system-err>
</testsuite>
