<?xml version="1.0" encoding="UTF-8"?>
<testsuite name="TestParser" tests="1" skipped="0" failures="0" errors="0" timestamp="2023-04-08T10:58:42" hostname="LAPTOP-QUU5U7G9" time="0.011">
  <properties/>
  <testcase name="testBasicWhile" classname="TestParser" time="0.011"/>
  <system-out><![CDATA[while va >= 3 { }
(Optional message) Matching Symbol WHILE
(Optional message) Matching Symbol LITERAL
(Optional message) Matching Symbol MOREEQ
(Optional message) Matching Symbol NUM
(Optional message) Matching Symbol LBRACE
(Optional message) Matching Symbol RBRACE
]]></system-out>
  <system-err><![CDATA[]]></system-err>
</testsuite>
